  File "/home/tmacey/.local/share/uv/tools/dotfiles/lib/python3.14/site-packages/pyinfra_cli/cli.py", line 256, in cli
    _main(*args, **kwargs)
    ~~~~~^^^^^^^^^^^^^^^^^
  File "/home/tmacey/.local/share/uv/tools/dotfiles/lib/python3.14/site-packages/pyinfra_cli/cli.py", line 397, in _main
    can_diff, state, config = _handle_commands(
                              ~~~~~~~~~~~~~~~~^
        state, config, command, original_operations, operations
        ^^^^^^^^^^^^^^^^^^^^^^^^^^^^^^^^^^^^^^^^^^^^^^^^^^^^^^^
    )
    ^
  File "/home/tmacey/.local/share/uv/tools/dotfiles/lib/python3.14/site-packages/pyinfra_cli/cli.py", line 716, in _handle_commands
    state, fact_data = _run_fact_operations(state, config, operations)
                       ~~~~~~~~~~~~~~~~~~~~^^^^^^^^^^^^^^^^^^^^^^^^^^^
  File "/home/tmacey/.local/share/uv/tools/dotfiles/lib/python3.14/site-packages/pyinfra_cli/cli.py", line 757, in _run_fact_operations
    fact_data[fact_key] = get_facts(
                          ~~~~~~~~~^
        state,
        ^^^^^^
    ...<3 lines>...
        apply_failed_hosts=False,
        ^^^^^^^^^^^^^^^^^^^^^^^^^
    )
    ^
  File "/home/tmacey/.local/share/uv/tools/dotfiles/lib/python3.14/site-packages/pyinfra/api/facts.py", line 163, in get_facts
    results[host] = greenlet.get()
                    ~~~~~~~~~~~~^^
  File "src/gevent/greenlet.py", line 809, in gevent._gevent_cgreenlet.Greenlet.get
  File "src/gevent/greenlet.py", line 373, in gevent._gevent_cgreenlet.Greenlet._raise_exception
  File "/home/tmacey/.local/share/uv/tools/dotfiles/lib/python3.14/site-packages/gevent/_compat.py", line 88, in reraise
    raise value.with_traceback(tb)
  File "src/gevent/greenlet.py", line 912, in gevent._gevent_cgreenlet.Greenlet.run
  File "/home/tmacey/.local/share/uv/tools/dotfiles/lib/python3.14/site-packages/pyinfra/api/facts.py", line 150, in get_host_fact
    return get_fact(state, host, *args, **kwargs)
    ^^^^^^^^^^^
  File "/home/tmacey/.local/share/uv/tools/dotfiles/lib/python3.14/site-packages/pyinfra/api/facts.py", line 189, in get_fact
    return _get_fact(
      ^^^^^^^^^^^^^^^
  File "/home/tmacey/.local/share/uv/tools/dotfiles/lib/python3.14/site-packages/pyinfra/api/facts.py", line 256, in _get_fact
    status, output = host.run_shell_command(
    ^^^^^^^^^^^^^^^
  File "/home/tmacey/.local/share/uv/tools/dotfiles/lib/python3.14/site-packages/pyinfra/api/host.py", line 439, in run_shell_command
    return self.connector.run_shell_command(*args, **kwargs)
    ^^^^^^^^^^^^^^^
  File "/home/tmacey/.local/share/uv/tools/dotfiles/lib/python3.14/site-packages/pyinfra/connectors/local.py", line 93, in run_shell_command
    return_code, combined_output = execute_command_with_sudo_retry(
    ^^^^^^^^^^^^^^^
  File "/home/tmacey/.local/share/uv/tools/dotfiles/lib/python3.14/site-packages/pyinfra/connectors/util.py", line 203, in execute_command_with_sudo_retry
    return_code, output = execute_command()
      ^^^^^^^^^^^^^^^^^
  File "/home/tmacey/.local/share/uv/tools/dotfiles/lib/python3.14/site-packages/pyinfra/connectors/local.py", line 85, in execute_command
    return run_local_process(
    ^^^^^^^^^^^
  File "/home/tmacey/.local/share/uv/tools/dotfiles/lib/python3.14/site-packages/pyinfra/connectors/util.py", line 46, in run_local_process
    process = Popen(command, shell=True, stdout=PIPE, stderr=PIPE, stdin=PIPE)
      ^^^^^^^^^^^^^^^^^
  File "/home/tmacey/.local/share/uv/python/cpython-3.14.2-linux-x86_64-gnu/lib/python3.14/subprocess.py", line 1038, in __init__
    self._execute_child(args, executable, preexec_fn, close_fds,
    ^^^^^^^^^^^
  File "/home/tmacey/.local/share/uv/python/cpython-3.14.2-linux-x86_64-gnu/lib/python3.14/subprocess.py", line 1919, in _execute_child
    self.pid = _fork_exec(
    ^^^
TypeError: 'NoneType' object is not callable
